mode: set
redditclone/pkg/post/repo.go:17.59,21.2 1 1
redditclone/pkg/post/repo.go:27.73,32.16 4 1
redditclone/pkg/post/repo.go:35.2,36.20 2 1
redditclone/pkg/post/repo.go:44.2,44.34 1 1
redditclone/pkg/post/repo.go:47.2,47.19 1 1
redditclone/pkg/post/repo.go:32.16,34.3 1 1
redditclone/pkg/post/repo.go:36.20,39.17 3 1
redditclone/pkg/post/repo.go:42.3,42.33 1 1
redditclone/pkg/post/repo.go:39.17,41.4 1 1
redditclone/pkg/post/repo.go:44.34,46.3 1 1
redditclone/pkg/post/repo.go:50.50,53.2 2 1
redditclone/pkg/post/repo.go:55.72,58.2 2 1
redditclone/pkg/post/repo.go:60.58,63.16 3 1
redditclone/pkg/post/repo.go:66.2,66.22 1 1
redditclone/pkg/post/repo.go:63.16,65.3 1 1
redditclone/pkg/post/repo.go:69.67,72.2 2 1
redditclone/pkg/post/repo.go:74.55,92.16 11 1
redditclone/pkg/post/repo.go:96.2,96.18 1 1
redditclone/pkg/post/repo.go:92.16,94.3 1 1
redditclone/pkg/post/repo.go:99.92,104.16 4 1
redditclone/pkg/post/repo.go:107.2,117.16 4 1
redditclone/pkg/post/repo.go:121.2,121.18 1 1
redditclone/pkg/post/repo.go:104.16,106.3 1 1
redditclone/pkg/post/repo.go:117.16,119.3 1 1
redditclone/pkg/post/repo.go:124.79,127.16 3 1
redditclone/pkg/post/repo.go:130.2,130.34 1 1
redditclone/pkg/post/repo.go:138.2,140.16 3 1
redditclone/pkg/post/repo.go:144.2,144.18 1 1
redditclone/pkg/post/repo.go:127.16,129.3 1 1
redditclone/pkg/post/repo.go:130.34,131.24 1 1
redditclone/pkg/post/repo.go:131.24,134.9 3 1
redditclone/pkg/post/repo.go:140.16,142.3 1 1
redditclone/pkg/post/repo.go:147.56,152.16 4 1
redditclone/pkg/post/repo.go:155.2,155.12 1 1
redditclone/pkg/post/repo.go:152.16,154.3 1 1
redditclone/pkg/post/repo.go:158.76,161.16 3 1
redditclone/pkg/post/repo.go:164.2,165.34 2 1
redditclone/pkg/post/repo.go:173.2,173.10 1 1
redditclone/pkg/post/repo.go:182.2,184.16 3 1
redditclone/pkg/post/repo.go:188.2,188.18 1 1
redditclone/pkg/post/repo.go:161.16,163.3 1 1
redditclone/pkg/post/repo.go:165.34,166.26 1 1
redditclone/pkg/post/repo.go:166.26,170.9 4 1
redditclone/pkg/post/repo.go:173.10,179.3 2 1
redditclone/pkg/post/repo.go:184.16,186.3 1 1
redditclone/pkg/post/repo.go:191.69,193.2 1 1
redditclone/pkg/post/repo.go:195.71,197.2 1 1
redditclone/pkg/post/repo.go:199.69,201.2 1 1
redditclone/pkg/post/repo.go:203.26,206.31 3 1
redditclone/pkg/post/repo.go:212.2,212.60 1 1
redditclone/pkg/post/repo.go:206.31,208.18 2 1
redditclone/pkg/post/repo.go:208.18,210.4 1 1
