mode: set
redditclone/pkg/user/repo.go:13.37,17.2 1 1
redditclone/pkg/user/repo.go:25.72,30.16 3 1
redditclone/pkg/user/repo.go:34.2,44.16 5 1
redditclone/pkg/user/repo.go:48.2,48.15 1 1
redditclone/pkg/user/repo.go:30.16,32.3 1 1
redditclone/pkg/user/repo.go:44.16,46.3 1 1
redditclone/pkg/user/repo.go:51.73,56.16 3 1
redditclone/pkg/user/repo.go:60.2,60.28 1 1
redditclone/pkg/user/repo.go:64.2,64.15 1 1
redditclone/pkg/user/repo.go:56.16,58.3 1 1
redditclone/pkg/user/repo.go:60.28,62.3 1 1
redditclone/pkg/user/repo.go:67.58,72.16 3 1
redditclone/pkg/user/repo.go:76.2,76.15 1 1
redditclone/pkg/user/repo.go:72.16,74.3 1 1
