mode: set
redditclone/pkg/handlers/posts.go:38.69,40.16 2 1
redditclone/pkg/handlers/posts.go:46.2,50.15 4 1
redditclone/pkg/handlers/posts.go:40.16,44.3 3 1
redditclone/pkg/handlers/posts.go:53.79,56.9 3 1
redditclone/pkg/handlers/posts.go:61.2,62.16 2 1
redditclone/pkg/handlers/posts.go:68.2,72.15 4 1
redditclone/pkg/handlers/posts.go:56.9,59.3 2 1
redditclone/pkg/handlers/posts.go:62.16,66.3 3 1
redditclone/pkg/handlers/posts.go:75.72,78.9 3 1
redditclone/pkg/handlers/posts.go:83.2,84.16 2 1
redditclone/pkg/handlers/posts.go:90.2,94.15 4 1
redditclone/pkg/handlers/posts.go:78.9,81.3 2 1
redditclone/pkg/handlers/posts.go:84.16,88.3 3 1
redditclone/pkg/handlers/posts.go:97.77,100.9 3 1
redditclone/pkg/handlers/posts.go:105.2,106.16 2 1
redditclone/pkg/handlers/posts.go:112.2,116.15 4 1
redditclone/pkg/handlers/posts.go:100.9,103.3 2 1
redditclone/pkg/handlers/posts.go:106.16,110.3 3 1
redditclone/pkg/handlers/posts.go:119.68,125.16 5 1
redditclone/pkg/handlers/posts.go:131.2,132.16 2 1
redditclone/pkg/handlers/posts.go:138.2,143.16 5 1
redditclone/pkg/handlers/posts.go:149.2,153.15 4 1
redditclone/pkg/handlers/posts.go:125.16,129.3 3 1
redditclone/pkg/handlers/posts.go:132.16,136.3 3 1
redditclone/pkg/handlers/posts.go:143.16,147.3 3 1
redditclone/pkg/handlers/posts.go:156.72,159.9 3 1
redditclone/pkg/handlers/posts.go:164.2,169.16 5 1
redditclone/pkg/handlers/posts.go:175.2,176.16 2 1
redditclone/pkg/handlers/posts.go:182.2,184.16 3 1
redditclone/pkg/handlers/posts.go:190.2,191.16 2 1
redditclone/pkg/handlers/posts.go:197.2,201.15 4 1
redditclone/pkg/handlers/posts.go:159.9,162.3 2 1
redditclone/pkg/handlers/posts.go:169.16,173.3 3 1
redditclone/pkg/handlers/posts.go:176.16,180.3 3 1
redditclone/pkg/handlers/posts.go:184.16,188.3 3 1
redditclone/pkg/handlers/posts.go:191.16,195.3 3 1
redditclone/pkg/handlers/posts.go:204.78,207.9 3 1
redditclone/pkg/handlers/posts.go:211.2,212.9 2 1
redditclone/pkg/handlers/posts.go:217.2,218.16 2 1
redditclone/pkg/handlers/posts.go:224.2,228.15 4 1
redditclone/pkg/handlers/posts.go:207.9,210.3 2 1
redditclone/pkg/handlers/posts.go:212.9,215.3 2 1
redditclone/pkg/handlers/posts.go:218.16,222.3 3 1
redditclone/pkg/handlers/posts.go:231.75,234.9 3 1
redditclone/pkg/handlers/posts.go:239.2,240.16 2 1
redditclone/pkg/handlers/posts.go:246.2,246.42 1 1
redditclone/pkg/handlers/posts.go:234.9,237.3 2 1
redditclone/pkg/handlers/posts.go:240.16,244.3 3 1
redditclone/pkg/handlers/posts.go:249.71,252.9 3 1
redditclone/pkg/handlers/posts.go:257.2,258.16 2 1
redditclone/pkg/handlers/posts.go:264.2,267.16 3 1
redditclone/pkg/handlers/posts.go:273.2,277.15 4 1
redditclone/pkg/handlers/posts.go:252.9,255.3 2 1
redditclone/pkg/handlers/posts.go:258.16,262.3 3 1
redditclone/pkg/handlers/posts.go:267.16,271.3 3 1
redditclone/pkg/handlers/posts.go:280.73,283.9 3 1
redditclone/pkg/handlers/posts.go:288.2,289.16 2 1
redditclone/pkg/handlers/posts.go:295.2,298.16 3 1
redditclone/pkg/handlers/posts.go:304.2,308.15 4 1
redditclone/pkg/handlers/posts.go:283.9,286.3 2 1
redditclone/pkg/handlers/posts.go:289.16,293.3 3 1
redditclone/pkg/handlers/posts.go:298.16,302.3 3 1
redditclone/pkg/handlers/posts.go:311.71,314.9 3 1
redditclone/pkg/handlers/posts.go:319.2,320.16 2 1
redditclone/pkg/handlers/posts.go:326.2,329.16 3 1
redditclone/pkg/handlers/posts.go:335.2,339.15 4 1
redditclone/pkg/handlers/posts.go:314.9,317.3 2 1
redditclone/pkg/handlers/posts.go:320.16,324.3 3 1
redditclone/pkg/handlers/posts.go:329.16,333.3 3 1
redditclone/pkg/handlers/posts__mock.go:25.81,29.2 3 1
redditclone/pkg/handlers/posts__mock.go:32.80,34.2 1 1
redditclone/pkg/handlers/posts__mock.go:37.66,42.2 4 1
redditclone/pkg/handlers/posts__mock.go:45.70,47.2 1 1
redditclone/pkg/handlers/posts__mock.go:50.87,55.2 4 1
redditclone/pkg/handlers/posts__mock.go:58.93,60.2 1 1
redditclone/pkg/handlers/posts__mock.go:63.79,68.2 4 1
redditclone/pkg/handlers/posts__mock.go:71.87,73.2 1 1
redditclone/pkg/handlers/posts__mock.go:76.85,81.2 4 1
redditclone/pkg/handlers/posts__mock.go:84.91,86.2 1 1
redditclone/pkg/handlers/posts__mock.go:89.79,94.2 4 1
redditclone/pkg/handlers/posts__mock.go:97.83,99.2 1 1
redditclone/pkg/handlers/posts__mock.go:102.115,107.2 4 1
redditclone/pkg/handlers/posts__mock.go:110.99,112.2 1 1
redditclone/pkg/handlers/posts__mock.go:115.101,120.2 4 1
redditclone/pkg/handlers/posts__mock.go:123.99,125.2 1 1
redditclone/pkg/handlers/posts__mock.go:128.68,132.2 3 1
redditclone/pkg/handlers/posts__mock.go:135.90,137.2 1 1
redditclone/pkg/handlers/posts__mock.go:140.94,145.2 4 1
redditclone/pkg/handlers/posts__mock.go:148.92,150.2 1 1
redditclone/pkg/handlers/posts__mock.go:153.96,158.2 4 1
redditclone/pkg/handlers/posts__mock.go:161.94,163.2 1 1
redditclone/pkg/handlers/posts__mock.go:166.94,171.2 4 1
redditclone/pkg/handlers/posts__mock.go:174.92,176.2 1 1
redditclone/pkg/handlers/users.go:39.73,44.16 5 1
redditclone/pkg/handlers/users.go:50.2,51.38 2 1
redditclone/pkg/handlers/users.go:62.2,62.16 1 1
redditclone/pkg/handlers/users.go:69.2,70.16 2 1
redditclone/pkg/handlers/users.go:76.2,84.15 6 1
redditclone/pkg/handlers/users.go:44.16,48.3 3 1
redditclone/pkg/handlers/users.go:51.38,61.3 5 1
redditclone/pkg/handlers/users.go:62.16,66.3 3 1
redditclone/pkg/handlers/users.go:70.16,74.3 3 1
redditclone/pkg/handlers/users.go:87.70,92.16 5 1
redditclone/pkg/handlers/users.go:98.2,99.27 2 1
redditclone/pkg/handlers/users.go:104.2,104.28 1 1
redditclone/pkg/handlers/users.go:109.2,109.16 1 1
redditclone/pkg/handlers/users.go:116.2,117.16 2 1
redditclone/pkg/handlers/users.go:123.2,131.15 6 1
redditclone/pkg/handlers/users.go:92.16,96.3 3 1
redditclone/pkg/handlers/users.go:99.27,103.3 3 1
redditclone/pkg/handlers/users.go:104.28,108.3 3 1
redditclone/pkg/handlers/users.go:109.16,113.3 3 1
redditclone/pkg/handlers/users.go:117.16,121.3 3 1
redditclone/pkg/handlers/users.go:134.69,138.2 3 1
redditclone/pkg/handlers/users_mock.go:25.81,29.2 3 1
redditclone/pkg/handlers/users_mock.go:32.80,34.2 1 1
redditclone/pkg/handlers/users_mock.go:37.79,42.2 4 1
redditclone/pkg/handlers/users_mock.go:45.87,47.2 1 1
redditclone/pkg/handlers/users_mock.go:50.96,55.2 4 1
redditclone/pkg/handlers/users_mock.go:58.94,60.2 1 1
redditclone/pkg/handlers/users_mock.go:63.97,68.2 4 1
redditclone/pkg/handlers/users_mock.go:71.95,73.2 1 1
redditclone/pkg/handlers/users_mock.go:87.93,91.2 3 1
redditclone/pkg/handlers/users_mock.go:94.92,96.2 1 1
redditclone/pkg/handlers/users_mock.go:99.90,104.2 4 1
redditclone/pkg/handlers/users_mock.go:107.92,109.2 1 1
